<?xml version="1.0" encoding="UTF-8"?>
<!-- Generated by org.testng.reporters.JUnitReportReporter -->
<testsuite hostname="Shivi" failures="0" tests="4" name="api_testing.reqres" time="4.455" errors="0" timestamp="2024-07-15T09:13:43 IST" skipped="0">
  <testcase classname="api_testing.reqres" name="ListOfviewrs" time="3.204"/>
  <system-out/>
  <testcase classname="api_testing.reqres" name="create" time="0.660"/>
  <system-out/>
  <testcase classname="api_testing.reqres" name="single_usernot_found" time="0.506"/>
  <system-out/>
  <testcase classname="api_testing.reqres" name="single_user" time="0.085"/>
  <system-out/>
</testsuite> <!-- api_testing.reqres -->
